app/build/intermediates/manifest_merge_blame_file/debug/manifest-merger-blame-debug-report.txt
1<?xml version="1.0" encoding="utf-8"?>
2<manifest xmlns:android="http://schemas.android.com/apk/res/android"
3    package="com.here.android.tutorial"
4    android:versionCode="1"
5    android:versionName="1.0" >
6
7    <uses-sdk
8        android:minSdkVersion="16"
8-->src\main\AndroidManifest.xml
9        android:targetSdkVersion="28" />
9-->src\main\AndroidManifest.xml
10
11    <uses-permission android:name="android.permission.ACCESS_FINE_LOCATION" />
11-->src\main\AndroidManifest.xml:5:5-78
11-->src\main\AndroidManifest.xml:5:22-76
12    <uses-permission android:name="android.permission.WRITE_EXTERNAL_STORAGE" />
12-->src\main\AndroidManifest.xml:6:5-80
12-->src\main\AndroidManifest.xml:6:22-78
13    <uses-permission android:name="android.permission.ACCESS_NETWORK_STATE" />
13-->src\main\AndroidManifest.xml:7:5-78
13-->src\main\AndroidManifest.xml:7:22-76
14    <uses-permission android:name="android.permission.INTERNET" />
14-->src\main\AndroidManifest.xml:8:5-66
14-->src\main\AndroidManifest.xml:8:22-64
15    <uses-permission android:name="android.permission.ACCESS_WIFI_STATE" />
15-->src\main\AndroidManifest.xml:9:5-75
15-->src\main\AndroidManifest.xml:9:22-73
16
17    <application
17-->src\main\AndroidManifest.xml:11:5-32:19
18        android:allowBackup="true"
18-->src\main\AndroidManifest.xml:12:9-35
19        android:appComponentFactory="android.support.v4.app.CoreComponentFactory"
19-->[com.android.support:support-compat:28.0.0] AndroidManifest.xml:22:18-91
20        android:debuggable="true"
21        android:fullBackupContent="true"
21-->src\main\AndroidManifest.xml:13:9-41
22        android:hardwareAccelerated="true"
22-->src\main\AndroidManifest.xml:16:9-43
23        android:icon="@mipmap/ic_launcher"
23-->src\main\AndroidManifest.xml:14:9-43
24        android:label="@string/app_name"
24-->src\main\AndroidManifest.xml:15:9-41
25        android:testOnly="true" >
26        <activity
26-->src\main\AndroidManifest.xml:18:9-26:20
27            android:name="com.here.android.tutorial.BasicMapActivity"
27-->src\main\AndroidManifest.xml:19:13-45
28            android:label="Hello HERE Maps!" >
28-->src\main\AndroidManifest.xml:20:13-45
29            <intent-filter>
29-->src\main\AndroidManifest.xml:21:13-25:29
30                <action android:name="android.intent.action.MAIN" />
30-->src\main\AndroidManifest.xml:22:17-69
30-->src\main\AndroidManifest.xml:22:25-66
31                <action android:name="android.intent.action.VIEW" />
31-->src\main\AndroidManifest.xml:23:17-69
31-->src\main\AndroidManifest.xml:23:25-66
32
33                <category android:name="android.intent.category.LAUNCHER" />
33-->src\main\AndroidManifest.xml:24:17-77
33-->src\main\AndroidManifest.xml:24:27-74
34            </intent-filter>
35        </activity>
36
37        <meta-data
37-->src\main\AndroidManifest.xml:28:9-29:97
38            android:name="com.here.android.maps.appid"
38-->src\main\AndroidManifest.xml:29:13-55
39            android:value="{u4kbvvywQ6aXGlydEvNh}" />
39-->src\main\AndroidManifest.xml:29:56-94
40        <meta-data
40-->src\main\AndroidManifest.xml:30:9-31:102
41            android:name="com.here.android.maps.apptoken"
41-->src\main\AndroidManifest.xml:31:13-58
42            android:value="{kFgT3q6l5Xc59RQcwV3XWQ}" />
42-->src\main\AndroidManifest.xml:31:59-99
43    </application>
44
45</manifest>